#! /usr/local/Cellar/icarus-verilog/11.0/bin/vvp
:ivl_version "11.0 (stable)";
:ivl_delay_selection "TYPICAL";
:vpi_time_precision + 0;
:vpi_module "/usr/local/Cellar/icarus-verilog/11.0/lib/ivl/system.vpi";
:vpi_module "/usr/local/Cellar/icarus-verilog/11.0/lib/ivl/vhdl_sys.vpi";
:vpi_module "/usr/local/Cellar/icarus-verilog/11.0/lib/ivl/vhdl_textio.vpi";
:vpi_module "/usr/local/Cellar/icarus-verilog/11.0/lib/ivl/v2005_math.vpi";
:vpi_module "/usr/local/Cellar/icarus-verilog/11.0/lib/ivl/va_math.vpi";
S_0x7fa2ac504cc0 .scope module, "DPRAM" "DPRAM" 2 3;
 .timescale 0 0;
    .port_info 0 /INPUT 1 "clka";
    .port_info 1 /INPUT 1 "clkb";
    .port_info 2 /INPUT 1 "ena";
    .port_info 3 /INPUT 1 "enb";
    .port_info 4 /INPUT 1 "wea";
    .port_info 5 /INPUT 1 "web";
    .port_info 6 /INPUT 8 "addra";
    .port_info 7 /INPUT 8 "addrb";
    .port_info 8 /INPUT 16 "data_i_a";
    .port_info 9 /INPUT 16 "data_i_b";
    .port_info 10 /OUTPUT 16 "data_o_a";
    .port_info 11 /OUTPUT 16 "data_o_b";
v0x7fa2ad004620 .array "RAM", 0 255, 15 0;
o0x7fa2ac632008 .functor BUFZ 8, C4<zzzzzzzz>; HiZ drive
v0x7fa2ad0046d0_0 .net "addra", 7 0, o0x7fa2ac632008;  0 drivers
o0x7fa2ac632038 .functor BUFZ 8, C4<zzzzzzzz>; HiZ drive
v0x7fa2ad014740_0 .net "addrb", 7 0, o0x7fa2ac632038;  0 drivers
o0x7fa2ac632068 .functor BUFZ 1, C4<z>; HiZ drive
v0x7fa2ad014800_0 .net "clka", 0 0, o0x7fa2ac632068;  0 drivers
o0x7fa2ac632098 .functor BUFZ 1, C4<z>; HiZ drive
v0x7fa2ad0148a0_0 .net "clkb", 0 0, o0x7fa2ac632098;  0 drivers
o0x7fa2ac6320c8 .functor BUFZ 16, C4<zzzzzzzzzzzzzzzz>; HiZ drive
v0x7fa2ad014980_0 .net "data_i_a", 15 0, o0x7fa2ac6320c8;  0 drivers
o0x7fa2ac6320f8 .functor BUFZ 16, C4<zzzzzzzzzzzzzzzz>; HiZ drive
v0x7fa2ad014a30_0 .net "data_i_b", 15 0, o0x7fa2ac6320f8;  0 drivers
v0x7fa2ad014ae0_0 .var "data_o_a", 15 0;
v0x7fa2ad014b90_0 .var "data_o_b", 15 0;
o0x7fa2ac632188 .functor BUFZ 1, C4<z>; HiZ drive
v0x7fa2ad014ca0_0 .net "ena", 0 0, o0x7fa2ac632188;  0 drivers
o0x7fa2ac6321b8 .functor BUFZ 1, C4<z>; HiZ drive
v0x7fa2ad014d40_0 .net "enb", 0 0, o0x7fa2ac6321b8;  0 drivers
o0x7fa2ac6321e8 .functor BUFZ 1, C4<z>; HiZ drive
v0x7fa2ad014de0_0 .net "wea", 0 0, o0x7fa2ac6321e8;  0 drivers
o0x7fa2ac632218 .functor BUFZ 1, C4<z>; HiZ drive
v0x7fa2ad014e80_0 .net "web", 0 0, o0x7fa2ac632218;  0 drivers
E_0x7fa2ad004590 .event posedge, v0x7fa2ad0148a0_0;
E_0x7fa2ad0045e0 .event posedge, v0x7fa2ad014800_0;
    .scope S_0x7fa2ac504cc0;
T_0 ;
    %wait E_0x7fa2ad0045e0;
    %load/vec4 v0x7fa2ad014ca0_0;
    %flag_set/vec4 8;
    %jmp/0xz  T_0.0, 8;
    %load/vec4 v0x7fa2ad014de0_0;
    %flag_set/vec4 8;
    %jmp/0xz  T_0.2, 8;
    %load/vec4 v0x7fa2ad014980_0;
    %load/vec4 v0x7fa2ad0046d0_0;
    %pad/u 10;
    %ix/vec4 3;
    %ix/load 4, 0, 0; Constant delay
    %assign/vec4/a/d v0x7fa2ad004620, 0, 4;
T_0.2 ;
    %load/vec4 v0x7fa2ad0046d0_0;
    %pad/u 10;
    %ix/vec4 4;
    %load/vec4a v0x7fa2ad004620, 4;
    %assign/vec4 v0x7fa2ad014ae0_0, 0;
T_0.0 ;
    %jmp T_0;
    .thread T_0;
    .scope S_0x7fa2ac504cc0;
T_1 ;
    %wait E_0x7fa2ad004590;
    %load/vec4 v0x7fa2ad014d40_0;
    %flag_set/vec4 8;
    %jmp/0xz  T_1.0, 8;
    %load/vec4 v0x7fa2ad014de0_0;
    %flag_set/vec4 8;
    %jmp/0xz  T_1.2, 8;
    %load/vec4 v0x7fa2ad014a30_0;
    %load/vec4 v0x7fa2ad014740_0;
    %pad/u 10;
    %ix/vec4 3;
    %ix/load 4, 0, 0; Constant delay
    %assign/vec4/a/d v0x7fa2ad004620, 0, 4;
T_1.2 ;
    %load/vec4 v0x7fa2ad014740_0;
    %pad/u 10;
    %ix/vec4 4;
    %load/vec4a v0x7fa2ad004620, 4;
    %assign/vec4 v0x7fa2ad014b90_0, 0;
T_1.0 ;
    %jmp T_1;
    .thread T_1;
# The file index is used to find the file name in the following table.
:file_names 3;
    "N/A";
    "<interactive>";
    "DPRAM.v";
