#! /usr/local/Cellar/icarus-verilog/11.0/bin/vvp
:ivl_version "11.0 (stable)";
:ivl_delay_selection "TYPICAL";
:vpi_time_precision + 0;
:vpi_module "/usr/local/Cellar/icarus-verilog/11.0/lib/ivl/system.vpi";
:vpi_module "/usr/local/Cellar/icarus-verilog/11.0/lib/ivl/vhdl_sys.vpi";
:vpi_module "/usr/local/Cellar/icarus-verilog/11.0/lib/ivl/vhdl_textio.vpi";
:vpi_module "/usr/local/Cellar/icarus-verilog/11.0/lib/ivl/v2005_math.vpi";
:vpi_module "/usr/local/Cellar/icarus-verilog/11.0/lib/ivl/va_math.vpi";
S_0x7fc269704500 .scope module, "TPRAM" "TPRAM" 2 3;
 .timescale 0 0;
    .port_info 0 /INPUT 1 "clk";
    .port_info 1 /INPUT 1 "wea";
    .port_info 2 /INPUT 1 "enb";
    .port_info 3 /INPUT 8 "addra";
    .port_info 4 /INPUT 8 "addrb";
    .port_info 5 /INPUT 16 "data_i_a";
    .port_info 6 /OUTPUT 16 "data_o_b";
v0x7fc269704720 .array "RAM", 0 255, 15 0;
o0x7fc269632008 .functor BUFZ 8, C4<zzzzzzzz>; HiZ drive
v0x7fc2697047b0_0 .net "addra", 7 0, o0x7fc269632008;  0 drivers
o0x7fc269632038 .functor BUFZ 8, C4<zzzzzzzz>; HiZ drive
v0x7fc26a807f20_0 .net "addrb", 7 0, o0x7fc269632038;  0 drivers
o0x7fc269632068 .functor BUFZ 1, C4<z>; HiZ drive
v0x7fc26a807fd0_0 .net "clk", 0 0, o0x7fc269632068;  0 drivers
o0x7fc269632098 .functor BUFZ 16, C4<zzzzzzzzzzzzzzzz>; HiZ drive
v0x7fc26a808070_0 .net "data_i_a", 15 0, o0x7fc269632098;  0 drivers
v0x7fc26a808160_0 .var "data_o_b", 15 0;
o0x7fc2696320f8 .functor BUFZ 1, C4<z>; HiZ drive
v0x7fc26a808210_0 .net "enb", 0 0, o0x7fc2696320f8;  0 drivers
o0x7fc269632128 .functor BUFZ 1, C4<z>; HiZ drive
v0x7fc26a8082b0_0 .net "wea", 0 0, o0x7fc269632128;  0 drivers
E_0x7fc2697041e0 .event posedge, v0x7fc26a807fd0_0;
    .scope S_0x7fc269704500;
T_0 ;
    %wait E_0x7fc2697041e0;
    %load/vec4 v0x7fc26a8082b0_0;
    %flag_set/vec4 8;
    %jmp/0xz  T_0.0, 8;
    %load/vec4 v0x7fc26a808070_0;
    %load/vec4 v0x7fc2697047b0_0;
    %pad/u 10;
    %ix/vec4 3;
    %ix/load 4, 0, 0; Constant delay
    %assign/vec4/a/d v0x7fc269704720, 0, 4;
T_0.0 ;
    %jmp T_0;
    .thread T_0;
    .scope S_0x7fc269704500;
T_1 ;
    %wait E_0x7fc2697041e0;
    %load/vec4 v0x7fc26a808210_0;
    %flag_set/vec4 8;
    %jmp/0xz  T_1.0, 8;
    %load/vec4 v0x7fc26a807f20_0;
    %pad/u 10;
    %ix/vec4 4;
    %load/vec4a v0x7fc269704720, 4;
    %assign/vec4 v0x7fc26a808160_0, 0;
T_1.0 ;
    %jmp T_1;
    .thread T_1;
# The file index is used to find the file name in the following table.
:file_names 3;
    "N/A";
    "<interactive>";
    "TPRAM.v";
